2025-06-23 14:29:20 INFO  JobSearchSteps:31 - Opened NHS Jobs Search page
2025-06-23 14:29:20 INFO  JobSearchSteps:39 - Entered job title: Nurse
2025-06-23 14:29:20 INFO  JobSearchSteps:47 - Entered location: London
2025-06-23 15:13:34 INFO  NhsJobSearchSteps:20 - Initializing WebDriver and WebDriverWait
2025-06-23 15:13:34 INFO  NhsJobSearchSteps:88 - Quitting WebDriver
2025-06-23 15:20:19 INFO  NhsJobSearchSteps:21 - Initializing WebDriver and WebDriverWait
2025-06-23 15:20:19 INFO  NhsJobSearchSteps:90 - Quitting WebDriver
2025-06-23 15:23:49 INFO  NhsJobSearchSteps:21 - Initializing WebDriver and WebDriverWait
2025-06-23 15:23:49 INFO  NhsJobSearchSteps:90 - Quitting WebDriver
2025-06-23 15:26:57 INFO  NhsJobSearchSteps:21 - Initializing WebDriver and WebDriverWait
2025-06-23 15:27:01 INFO  NhsJobSearchSteps:29 - Navigating to NHS jobs search page
2025-06-23 15:27:18 INFO  NhsJobSearchSteps:91 - Quitting WebDriver
2025-06-23 15:32:47 INFO  NhsJobSearchSteps:21 - Initializing WebDriver and WebDriverWait
2025-06-23 15:32:50 INFO  NhsJobSearchSteps:29 - Navigating to NHS jobs search page
2025-06-23 15:33:01 INFO  NhsJobSearchSteps:91 - Quitting WebDriver
2025-06-23 15:33:25 INFO  NhsJobSearchSteps:21 - Initializing WebDriver and WebDriverWait
2025-06-23 15:33:28 INFO  NhsJobSearchSteps:29 - Navigating to NHS jobs search page
2025-06-23 15:33:38 INFO  NhsJobSearchSteps:91 - Quitting WebDriver
2025-06-23 15:48:31 INFO  NhsJobSearchSteps:21 - Initializing WebDriver and WebDriverWait
2025-06-23 15:48:36 INFO  NhsJobSearchSteps:29 - Navigating to NHS jobs search page
2025-06-23 15:48:36 INFO  NhsJobSearchSteps:38 - Entering job title: Nurse
2025-06-23 15:48:45 INFO  NhsJobSearchSteps:93 - Quitting WebDriver
2025-06-23 15:49:37 INFO  NhsJobSearchSteps:21 - Initializing WebDriver and WebDriverWait
2025-06-23 15:49:40 INFO  NhsJobSearchSteps:29 - Navigating to NHS jobs search page
2025-06-23 15:49:42 INFO  NhsJobSearchSteps:38 - Entering job title: Nurse
2025-06-23 15:49:42 INFO  NhsJobSearchSteps:46 - Entering location: London
2025-06-23 15:49:42 INFO  NhsJobSearchSteps:54 - Clicking on search button
2025-06-23 15:49:52 INFO  NhsJobSearchSteps:93 - Quitting WebDriver
2025-06-23 15:57:00 INFO  NhsJobSearchSteps:21 - Initializing WebDriver and WebDriverWait
2025-06-23 15:57:03 INFO  NhsJobSearchSteps:29 - Navigating to NHS jobs search page
2025-06-23 15:57:05 INFO  NhsJobSearchSteps:38 - Entering job title: Nurse
2025-06-23 15:57:05 INFO  NhsJobSearchSteps:46 - Entering location: London
2025-06-23 15:57:07 INFO  NhsJobSearchSteps:68 - Clicking on search button
2025-06-23 15:57:17 INFO  NhsJobSearchSteps:107 - Quitting WebDriver
2025-06-23 15:59:34 INFO  NhsJobSearchSteps:21 - Initializing WebDriver and WebDriverWait
2025-06-23 15:59:37 INFO  NhsJobSearchSteps:29 - Navigating to NHS jobs search page
2025-06-23 15:59:39 INFO  NhsJobSearchSteps:38 - Entering job title: Nurse
2025-06-23 15:59:39 INFO  NhsJobSearchSteps:46 - Entering location: London
2025-06-23 15:59:40 INFO  NhsJobSearchSteps:68 - Clicking on search button
2025-06-23 15:59:41 INFO  NhsJobSearchSteps:75 - Waiting for search results to be visible
2025-06-23 15:59:41 INFO  NhsJobSearchSteps:81 - Clicking on sort by dropdown
2025-06-23 15:59:41 INFO  NhsJobSearchSteps:88 - Selecting sort by option: Date Posted (Newest)
2025-06-23 15:59:41 INFO  NhsJobSearchSteps:107 - Quitting WebDriver
2025-06-23 16:06:34 INFO  NhsJobSearchSteps:22 - Initializing WebDriver and WebDriverWait
2025-06-23 16:06:38 INFO  NhsJobSearchSteps:29 - Navigating to NHS jobs search page
2025-06-23 16:06:40 INFO  NhsJobSearchSteps:37 - Entering job title: Nurse
2025-06-23 16:06:40 INFO  NhsJobSearchSteps:45 - Entering location: London
2025-06-23 16:06:41 INFO  NhsJobSearchSteps:63 - Clicking on search button
2025-06-23 16:06:41 INFO  NhsJobSearchSteps:70 - Waiting for search results to be visible
2025-06-23 16:06:41 INFO  NhsJobSearchSteps:76 - Waiting for 'Sort by' dropdown to be visible
2025-06-23 16:06:41 INFO  NhsJobSearchSteps:81 - Default selected option in sort dropdown is: Best Match
2025-06-23 16:06:41 INFO  NhsJobSearchSteps:88 - Selecting 'Date Posted (newest)' from sort dropdown
2025-06-23 16:06:42 INFO  NhsJobSearchSteps:97 - Verifying the sort by dropdown selection is 'Date Posted (newest)'
2025-06-23 16:06:42 INFO  NhsJobSearchSteps:101 - Currently selected option: Date Posted (newest)
2025-06-23 16:06:42 INFO  NhsJobSearchSteps:108 - Quitting WebDriver
2025-06-23 16:07:26 INFO  NhsJobSearchSteps:22 - Initializing WebDriver and WebDriverWait
2025-06-23 16:07:29 INFO  NhsJobSearchSteps:29 - Navigating to NHS jobs search page
2025-06-23 16:07:31 INFO  NhsJobSearchSteps:37 - Entering job title: Nurse
2025-06-23 16:07:31 INFO  NhsJobSearchSteps:45 - Entering location: London
2025-06-23 16:07:31 INFO  NhsJobSearchSteps:63 - Clicking on search button
2025-06-23 16:07:32 INFO  NhsJobSearchSteps:70 - Waiting for search results to be visible
2025-06-23 16:07:32 INFO  NhsJobSearchSteps:76 - Waiting for 'Sort by' dropdown to be visible
2025-06-23 16:07:32 INFO  NhsJobSearchSteps:81 - Default selected option in sort dropdown is: Best Match
2025-06-23 16:07:32 INFO  NhsJobSearchSteps:88 - Selecting 'Date Posted (newest)' from sort dropdown
2025-06-23 16:07:33 INFO  NhsJobSearchSteps:97 - Verifying the sort by dropdown selection is 'Date Posted (newest)'
2025-06-23 16:07:33 INFO  NhsJobSearchSteps:101 - Currently selected option: Date Posted (newest)
2025-06-23 16:13:46 INFO  NhsJobSearchSteps:25 - Initializing WebDriver for browser: chrome
2025-06-23 16:13:50 INFO  NhsJobSearchSteps:32 - Navigating to NHS jobs search page
2025-06-23 16:13:50 INFO  NhsJobSearchSteps:40 - Entering job title: Nurse
2025-06-23 16:13:51 INFO  NhsJobSearchSteps:48 - Entering location: London
2025-06-23 16:13:52 INFO  NhsJobSearchSteps:66 - Clicking on search button
2025-06-23 16:13:52 INFO  NhsJobSearchSteps:73 - Waiting for search results to be visible
2025-06-23 16:14:02 INFO  NhsJobSearchSteps:124 - Quitting WebDriver
2025-06-23 16:14:03 INFO  NhsJobSearchSteps:25 - Initializing WebDriver for browser: chrome
2025-06-23 16:14:05 INFO  NhsJobSearchSteps:32 - Navigating to NHS jobs search page
2025-06-23 16:14:06 INFO  NhsJobSearchSteps:40 - Entering job title: Doctor
2025-06-23 16:14:07 INFO  NhsJobSearchSteps:48 - Entering location: London
2025-06-23 16:14:07 INFO  NhsJobSearchSteps:66 - Clicking on search button
2025-06-23 16:14:08 INFO  NhsJobSearchSteps:73 - Waiting for search results to be visible
2025-06-23 16:14:18 INFO  NhsJobSearchSteps:124 - Quitting WebDriver
2025-06-23 16:14:59 INFO  NhsJobSearchSteps:25 - Initializing WebDriver for browser: chrome
2025-06-23 16:15:02 INFO  NhsJobSearchSteps:32 - Navigating to NHS jobs search page
2025-06-23 16:15:03 INFO  NhsJobSearchSteps:40 - Entering job title: Nurse
2025-06-23 16:15:03 INFO  NhsJobSearchSteps:48 - Entering location: London
2025-06-23 16:15:04 INFO  NhsJobSearchSteps:66 - Clicking on search button
2025-06-23 16:15:05 INFO  NhsJobSearchSteps:73 - Waiting for search results to be visible
2025-06-23 16:15:15 INFO  NhsJobSearchSteps:124 - Quitting WebDriver
2025-06-23 16:15:16 INFO  NhsJobSearchSteps:25 - Initializing WebDriver for browser: chrome
2025-06-23 16:15:17 INFO  NhsJobSearchSteps:32 - Navigating to NHS jobs search page
2025-06-23 16:15:18 INFO  NhsJobSearchSteps:40 - Entering job title: Doctor
2025-06-23 16:15:19 INFO  NhsJobSearchSteps:48 - Entering location: London
2025-06-23 16:15:19 INFO  NhsJobSearchSteps:66 - Clicking on search button
2025-06-23 16:15:20 INFO  NhsJobSearchSteps:73 - Waiting for search results to be visible
2025-06-23 16:15:26 INFO  NhsJobSearchSteps:124 - Quitting WebDriver
2025-06-23 16:15:43 INFO  NhsJobSearchSteps:25 - Initializing WebDriver for browser: chrome
2025-06-23 16:15:47 INFO  NhsJobSearchSteps:32 - Navigating to NHS jobs search page
2025-06-23 16:15:47 INFO  NhsJobSearchSteps:40 - Entering job title: Nurse
2025-06-23 16:15:48 INFO  NhsJobSearchSteps:48 - Entering location: London
2025-06-23 16:15:49 INFO  NhsJobSearchSteps:66 - Clicking on search button
2025-06-23 16:15:49 INFO  NhsJobSearchSteps:73 - Waiting for search results to be visible
2025-06-23 16:16:00 INFO  NhsJobSearchSteps:124 - Quitting WebDriver
2025-06-23 16:16:32 INFO  NhsJobSearchSteps:22 - Initializing WebDriver and WebDriverWait
2025-06-23 16:16:36 INFO  NhsJobSearchSteps:29 - Navigating to NHS jobs search page
2025-06-23 16:16:37 INFO  NhsJobSearchSteps:37 - Entering job title: Nurse
2025-06-23 16:16:37 INFO  NhsJobSearchSteps:45 - Entering location: London
2025-06-23 16:16:38 INFO  NhsJobSearchSteps:63 - Clicking on search button
2025-06-23 16:16:38 INFO  NhsJobSearchSteps:70 - Waiting for search results to be visible
2025-06-23 16:16:39 INFO  NhsJobSearchSteps:76 - Waiting for 'Sort by' dropdown to be visible
2025-06-23 16:16:39 INFO  NhsJobSearchSteps:81 - Default selected option in sort dropdown is: Best Match
2025-06-23 16:16:39 INFO  NhsJobSearchSteps:88 - Selecting 'Date Posted (newest)' from sort dropdown
2025-06-23 16:16:39 INFO  NhsJobSearchSteps:97 - Verifying the sort by dropdown selection is 'Date Posted (newest)'
2025-06-23 16:16:40 INFO  NhsJobSearchSteps:101 - Currently selected option: Date Posted (newest)
2025-06-23 16:20:02 INFO  NhsJobSearchSteps:22 - Initializing WebDriver and WebDriverWait
2025-06-23 16:20:05 INFO  NhsJobSearchSteps:29 - Navigating to NHS jobs search page
2025-06-23 16:20:06 INFO  NhsJobSearchSteps:36 - Entering job title: Nurse
2025-06-23 16:20:06 INFO  NhsJobSearchSteps:44 - Entering location: London
2025-06-23 16:20:07 INFO  NhsJobSearchSteps:62 - Clicking on search button
2025-06-23 16:20:08 INFO  NhsJobSearchSteps:69 - Waiting for search results (sort dropdown) to be visible
2025-06-23 16:20:08 INFO  NhsJobSearchSteps:75 - Verifying 'Sort by' dropdown default selection is 'Best Match'
2025-06-23 16:20:08 INFO  NhsJobSearchSteps:84 - Selecting 'Date Posted (newest)' from sort dropdown
2025-06-23 16:20:08 INFO  NhsJobSearchSteps:92 - Verifying the selected option is 'Date Posted (newest)'
2025-06-23 16:20:08 INFO  NhsJobSearchSteps:101 - Quitting WebDriver
2025-06-23 16:20:09 INFO  NhsJobSearchSteps:22 - Initializing WebDriver and WebDriverWait
2025-06-23 16:20:10 INFO  NhsJobSearchSteps:29 - Navigating to NHS jobs search page
2025-06-23 16:20:11 INFO  NhsJobSearchSteps:36 - Entering job title: Doctor
2025-06-23 16:20:11 INFO  NhsJobSearchSteps:44 - Entering location: London
2025-06-23 16:20:12 INFO  NhsJobSearchSteps:62 - Clicking on search button
2025-06-23 16:20:12 INFO  NhsJobSearchSteps:69 - Waiting for search results (sort dropdown) to be visible
2025-06-23 16:20:12 INFO  NhsJobSearchSteps:75 - Verifying 'Sort by' dropdown default selection is 'Best Match'
2025-06-23 16:20:12 INFO  NhsJobSearchSteps:84 - Selecting 'Date Posted (newest)' from sort dropdown
2025-06-23 16:20:13 INFO  NhsJobSearchSteps:92 - Verifying the selected option is 'Date Posted (newest)'
2025-06-23 16:20:13 INFO  NhsJobSearchSteps:101 - Quitting WebDriver
2025-06-23 16:39:24 INFO  NhsJobSearchSteps:22 - Initializing WebDriver and WebDriverWait
2025-06-23 16:39:27 INFO  NhsJobSearchSteps:29 - Navigating to NHS jobs search page
2025-06-23 16:39:27 INFO  NhsJobSearchSteps:36 - Entering job title: Nurse
2025-06-23 16:39:28 INFO  NhsJobSearchSteps:44 - Entering location: London
2025-06-23 16:39:29 INFO  NhsJobSearchSteps:62 - Clicking on search button
2025-06-23 16:39:29 INFO  NhsJobSearchSteps:69 - Waiting for search results (sort dropdown) to be visible
2025-06-23 16:39:29 INFO  NhsJobSearchSteps:75 - Verifying 'Sort by' dropdown default selection is 'Best Match'
2025-06-23 16:39:29 INFO  NhsJobSearchSteps:84 - Selecting 'Date Posted (newest)' from sort dropdown
2025-06-23 16:39:30 INFO  NhsJobSearchSteps:92 - Verifying the selected option is 'Date Posted (newest)'
2025-06-23 16:39:30 INFO  NhsJobSearchSteps:101 - Quitting WebDriver
2025-06-23 16:39:30 INFO  NhsJobSearchSteps:22 - Initializing WebDriver and WebDriverWait
2025-06-23 16:39:32 INFO  NhsJobSearchSteps:29 - Navigating to NHS jobs search page
2025-06-23 16:39:33 INFO  NhsJobSearchSteps:36 - Entering job title: Doctor
2025-06-23 16:39:33 INFO  NhsJobSearchSteps:44 - Entering location: London
2025-06-23 16:39:34 INFO  NhsJobSearchSteps:62 - Clicking on search button
2025-06-23 16:39:34 INFO  NhsJobSearchSteps:69 - Waiting for search results (sort dropdown) to be visible
2025-06-23 16:39:34 INFO  NhsJobSearchSteps:75 - Verifying 'Sort by' dropdown default selection is 'Best Match'
2025-06-23 16:39:35 INFO  NhsJobSearchSteps:84 - Selecting 'Date Posted (newest)' from sort dropdown
2025-06-23 16:39:35 INFO  NhsJobSearchSteps:92 - Verifying the selected option is 'Date Posted (newest)'
2025-06-23 16:39:35 INFO  NhsJobSearchSteps:101 - Quitting WebDriver
2025-06-23 16:42:27 INFO  NhsJobSearchSteps:22 - Initializing WebDriver and WebDriverWait
2025-06-23 16:42:31 INFO  NhsJobSearchSteps:101 - Quitting WebDriver
2025-06-23 16:42:31 INFO  NhsJobSearchSteps:22 - Initializing WebDriver and WebDriverWait
2025-06-23 16:42:32 INFO  NhsJobSearchSteps:101 - Quitting WebDriver
2025-06-23 16:44:16 INFO  NhsJobSearchSteps:22 - Initializing WebDriver and WebDriverWait
2025-06-23 16:44:24 INFO  NhsJobSearchSteps:29 - Navigating to NHS jobs search page
2025-06-23 16:44:25 INFO  NhsJobSearchSteps:36 - Entering job title: Nurse
2025-06-23 16:44:25 INFO  NhsJobSearchSteps:44 - Entering location: London
2025-06-23 16:44:26 INFO  NhsJobSearchSteps:62 - Clicking on search button
2025-06-23 16:44:27 INFO  NhsJobSearchSteps:69 - Waiting for search results (sort dropdown) to be visible
2025-06-23 16:44:27 INFO  NhsJobSearchSteps:75 - Verifying 'Sort by' dropdown default selection is 'Best Match'
2025-06-23 16:44:27 INFO  NhsJobSearchSteps:84 - Selecting 'Date Posted (newest)' from sort dropdown
2025-06-23 16:44:27 INFO  NhsJobSearchSteps:92 - Verifying the selected option is 'Date Posted (newest)'
2025-06-23 16:44:27 INFO  NhsJobSearchSteps:101 - Quitting WebDriver
2025-06-23 16:44:29 INFO  NhsJobSearchSteps:22 - Initializing WebDriver and WebDriverWait
2025-06-23 16:44:34 INFO  NhsJobSearchSteps:29 - Navigating to NHS jobs search page
2025-06-23 16:44:35 INFO  NhsJobSearchSteps:36 - Entering job title: Doctor
2025-06-23 16:44:36 INFO  NhsJobSearchSteps:44 - Entering location: London
2025-06-23 16:44:36 INFO  NhsJobSearchSteps:62 - Clicking on search button
2025-06-23 16:44:37 INFO  NhsJobSearchSteps:69 - Waiting for search results (sort dropdown) to be visible
2025-06-23 16:44:37 INFO  NhsJobSearchSteps:75 - Verifying 'Sort by' dropdown default selection is 'Best Match'
2025-06-23 16:44:37 INFO  NhsJobSearchSteps:84 - Selecting 'Date Posted (newest)' from sort dropdown
2025-06-23 16:44:38 INFO  NhsJobSearchSteps:92 - Verifying the selected option is 'Date Posted (newest)'
2025-06-23 16:44:38 INFO  NhsJobSearchSteps:101 - Quitting WebDriver
